<?xml version="1.0" encoding="UTF-8"?>
<testng-results ignored="0" total="1" passed="1" failed="0" skipped="0">
  <reporter-output>
  </reporter-output>
  <suite started-at="2024-10-08T15:27:03 IST" name="Default suite" finished-at="2024-10-08T15:27:31 IST" duration-ms="27627">
    <groups>
    </groups>
    <test started-at="2024-10-08T15:27:03 IST" name="Default test" finished-at="2024-10-08T15:27:31 IST" duration-ms="27627">
      <class name="testpackage.Fbtest">
        <test-method is-config="true" signature="setUp()[pri:0, instance:testpackage.Fbtest@38cee291]" started-at="2024-10-08T15:27:03 IST" name="setUp" finished-at="2024-10-08T15:27:06 IST" duration-ms="2459" status="PASS">
          <reporter-output>
          </reporter-output>
        </test-method> <!-- setUp -->
        <test-method signature="test()[pri:0, instance:testpackage.Fbtest@38cee291]" started-at="2024-10-08T15:27:06 IST" name="test" finished-at="2024-10-08T15:27:31 IST" duration-ms="25120" status="PASS">
          <reporter-output>
          </reporter-output>
        </test-method> <!-- test -->
      </class> <!-- testpackage.Fbtest -->
    </test> <!-- Default test -->
  </suite> <!-- Default suite -->
</testng-results>
